mode: set
amartha-reconciliation/internal/reconciler/reconcile.go:15.124,20.16 3 1
amartha-reconciliation/internal/reconciler/reconcile.go:20.16,22.3 1 1
amartha-reconciliation/internal/reconciler/reconcile.go:23.2,28.6 4 1
amartha-reconciliation/internal/reconciler/reconcile.go:28.6,31.17 3 1
amartha-reconciliation/internal/reconciler/reconcile.go:31.17,32.21 1 1
amartha-reconciliation/internal/reconciler/reconcile.go:32.21,33.10 1 1
amartha-reconciliation/internal/reconciler/reconcile.go:35.4,35.93 1 1
amartha-reconciliation/internal/reconciler/reconcile.go:39.3,39.15 1 1
amartha-reconciliation/internal/reconciler/reconcile.go:39.15,41.46 2 1
amartha-reconciliation/internal/reconciler/reconcile.go:41.46,43.5 1 0
amartha-reconciliation/internal/reconciler/reconcile.go:45.4,45.12 1 1
amartha-reconciliation/internal/reconciler/reconcile.go:49.3,51.17 3 1
amartha-reconciliation/internal/reconciler/reconcile.go:51.17,53.4 1 1
amartha-reconciliation/internal/reconciler/reconcile.go:56.3,57.68 2 1
amartha-reconciliation/internal/reconciler/reconcile.go:57.68,59.4 1 1
amartha-reconciliation/internal/reconciler/reconcile.go:62.3,64.17 3 1
amartha-reconciliation/internal/reconciler/reconcile.go:64.17,66.4 1 1
amartha-reconciliation/internal/reconciler/reconcile.go:69.3,70.84 2 1
amartha-reconciliation/internal/reconciler/reconcile.go:70.84,71.12 1 1
amartha-reconciliation/internal/reconciler/reconcile.go:74.3,76.47 2 1
amartha-reconciliation/internal/reconciler/reconcile.go:76.47,78.4 1 0
amartha-reconciliation/internal/reconciler/reconcile.go:80.3,85.4 1 1
amartha-reconciliation/internal/reconciler/reconcile.go:88.2,88.32 1 1
amartha-reconciliation/internal/reconciler/reconcile.go:91.181,94.16 2 1
amartha-reconciliation/internal/reconciler/reconcile.go:94.16,96.3 1 1
amartha-reconciliation/internal/reconciler/reconcile.go:97.2,101.6 4 1
amartha-reconciliation/internal/reconciler/reconcile.go:101.6,104.17 3 1
amartha-reconciliation/internal/reconciler/reconcile.go:104.17,105.21 1 1
amartha-reconciliation/internal/reconciler/reconcile.go:105.21,106.10 1 1
amartha-reconciliation/internal/reconciler/reconcile.go:108.4,108.86 1 0
amartha-reconciliation/internal/reconciler/reconcile.go:112.3,112.15 1 1
amartha-reconciliation/internal/reconciler/reconcile.go:112.15,114.44 2 1
amartha-reconciliation/internal/reconciler/reconcile.go:114.44,116.5 1 0
amartha-reconciliation/internal/reconciler/reconcile.go:117.4,117.12 1 1
amartha-reconciliation/internal/reconciler/reconcile.go:121.3,123.17 3 1
amartha-reconciliation/internal/reconciler/reconcile.go:123.17,125.4 1 1
amartha-reconciliation/internal/reconciler/reconcile.go:128.3,130.17 3 1
amartha-reconciliation/internal/reconciler/reconcile.go:130.17,132.4 1 1
amartha-reconciliation/internal/reconciler/reconcile.go:135.3,136.62 2 1
amartha-reconciliation/internal/reconciler/reconcile.go:136.62,137.12 1 1
amartha-reconciliation/internal/reconciler/reconcile.go:141.3,143.10 3 1
amartha-reconciliation/internal/reconciler/reconcile.go:143.10,156.12 2 1
amartha-reconciliation/internal/reconciler/reconcile.go:159.3,161.54 2 1
amartha-reconciliation/internal/reconciler/reconcile.go:161.54,163.4 1 1
amartha-reconciliation/internal/reconciler/reconcile.go:166.3,166.53 1 1
amartha-reconciliation/internal/reconciler/reconcile.go:166.53,168.4 1 1
amartha-reconciliation/internal/reconciler/reconcile.go:171.3,182.4 2 1
amartha-reconciliation/internal/reconciler/reconcile.go:185.2,185.12 1 1
amartha-reconciliation/internal/reconciler/reconcile.go:188.72,190.16 2 1
amartha-reconciliation/internal/reconciler/reconcile.go:190.16,192.3 1 1
amartha-reconciliation/internal/reconciler/reconcile.go:194.2,195.43 2 1
amartha-reconciliation/internal/reconciler/reconcile.go:195.43,197.17 2 1
amartha-reconciliation/internal/reconciler/reconcile.go:197.17,199.4 1 1
amartha-reconciliation/internal/reconciler/reconcile.go:202.2,202.55 1 1
amartha-reconciliation/internal/reconciler/reconcile.go:202.55,203.58 1 1
amartha-reconciliation/internal/reconciler/reconcile.go:203.58,211.4 1 0
amartha-reconciliation/internal/reconciler/reconcile.go:214.2,222.44 2 1
amartha-reconciliation/internal/reconciler/reconcile.go:222.44,223.27 1 1
amartha-reconciliation/internal/reconciler/reconcile.go:224.39,225.32 1 0
amartha-reconciliation/internal/reconciler/reconcile.go:226.41,227.36 1 1
amartha-reconciliation/internal/reconciler/reconcile.go:228.49,229.104 1 0
amartha-reconciliation/internal/reconciler/reconcile.go:230.51,231.154 1 1
amartha-reconciliation/internal/reconciler/reconcile.go:234.3,234.62 1 1
amartha-reconciliation/internal/reconciler/reconcile.go:237.2,237.29 1 1
amartha-reconciliation/internal/entity/input.go:24.62,26.24 1 1
amartha-reconciliation/internal/entity/input.go:26.24,28.3 1 1
amartha-reconciliation/internal/entity/input.go:29.2,29.46 1 1
amartha-reconciliation/internal/entity/input.go:29.46,31.3 1 1
amartha-reconciliation/internal/entity/input.go:32.2,32.49 1 1
amartha-reconciliation/internal/entity/input.go:32.49,34.3 1 1
amartha-reconciliation/internal/entity/input.go:37.2,37.27 1 1
amartha-reconciliation/internal/entity/input.go:37.27,39.3 1 1
amartha-reconciliation/internal/entity/input.go:40.2,41.41 2 1
amartha-reconciliation/internal/entity/input.go:41.41,42.43 1 1
amartha-reconciliation/internal/entity/input.go:42.43,44.4 1 1
amartha-reconciliation/internal/entity/input.go:45.3,45.46 1 1
amartha-reconciliation/internal/entity/input.go:45.46,47.4 1 1
amartha-reconciliation/internal/entity/input.go:51.2,51.23 1 1
amartha-reconciliation/internal/entity/input.go:51.23,53.3 1 1
amartha-reconciliation/internal/entity/input.go:54.2,55.16 2 1
amartha-reconciliation/internal/entity/input.go:55.16,57.3 1 1
amartha-reconciliation/internal/entity/input.go:60.2,60.21 1 1
amartha-reconciliation/internal/entity/input.go:60.21,62.3 1 1
amartha-reconciliation/internal/entity/input.go:63.2,64.16 2 1
amartha-reconciliation/internal/entity/input.go:64.16,66.3 1 1
amartha-reconciliation/internal/entity/input.go:68.2,68.38 1 1
amartha-reconciliation/internal/entity/input.go:68.38,70.3 1 1
amartha-reconciliation/internal/entity/input.go:72.2,77.8 1 0
amartha-reconciliation/internal/entity/reconcile.go:29.41,36.53 6 1
amartha-reconciliation/internal/entity/reconcile.go:36.53,38.3 1 1
amartha-reconciliation/internal/entity/reconcile.go:40.2,41.61 2 1
amartha-reconciliation/internal/entity/reconcile.go:41.61,43.52 2 1
amartha-reconciliation/internal/entity/reconcile.go:43.52,45.4 1 1
amartha-reconciliation/internal/entity/reconcile.go:48.2,49.63 2 1
amartha-reconciliation/internal/entity/system_transaction.go:28.58,29.27 1 0
amartha-reconciliation/internal/entity/system_transaction.go:29.27,31.3 1 0
amartha-reconciliation/internal/entity/system_transaction.go:32.2,32.18 1 0
amartha-reconciliation/cmd/tools/main.go:11.13,26.16 8 0
amartha-reconciliation/cmd/tools/main.go:26.16,29.3 2 0
amartha-reconciliation/cmd/tools/main.go:31.2,32.16 2 0
amartha-reconciliation/cmd/tools/main.go:32.16,35.3 2 0
amartha-reconciliation/cmd/tools/main.go:37.2,37.30 1 0
